<?xml version="1.0" encoding="UTF-8"?>
<!-- Generated by org.testng.reporters.JUnitXMLReporter -->
<testsuite ignored="0" hostname="LAPTOP-MCD2560Q" failures="0" tests="4" name="Default test" time="118.133" errors="0" timestamp="2024-01-07T17:09:43 IST">
  <testcase classname="TestCases.AddToCartTest" name="Tc_AddAddress_001_Test" time="7.562"/>
  <testcase classname="TestCases.AddToCartTest" name="Tc_AddAddress_001_Test" time="7.328"/>
  <testcase classname="TestCases.AddToCartTest" name="Tc_EndToEndCashOnDelivery_Test" time="11.019"/>
  <testcase classname="TestCases.AddToCartTest" name="Tc_EndToEndNetBanking_Test" time="11.358"/>
</testsuite> <!-- Default test -->
