<?xml version="1.0" encoding="UTF-8"?>
<testng-results ignored="0" total="1" passed="1" failed="0" skipped="0">
  <reporter-output>
  </reporter-output>
  <suite started-at="2024-01-13T12:16:13 IST" name="Default suite" finished-at="2024-01-13T12:16:59 IST" duration-ms="46322">
    <groups>
    </groups>
    <test started-at="2024-01-13T12:16:13 IST" name="Default test" finished-at="2024-01-13T12:16:59 IST" duration-ms="46322">
      <class name="TestCases.AddToCartDemoTest">
        <test-method is-config="true" signature="launchBrowser()[pri:0, instance:TestCases.AddToCartDemoTest@2805d709]" started-at="2024-01-13T12:16:13 IST" name="launchBrowser" finished-at="2024-01-13T12:16:22 IST" duration-ms="9059" status="PASS">
          <reporter-output>
          </reporter-output>
        </test-method> <!-- launchBrowser -->
        <test-method is-config="true" signature="loginToApplication()[pri:0, instance:TestCases.AddToCartDemoTest@2805d709]" started-at="2024-01-13T12:16:22 IST" name="loginToApplication" finished-at="2024-01-13T12:16:43 IST" duration-ms="21536" status="PASS">
          <reporter-output>
          </reporter-output>
        </test-method> <!-- loginToApplication -->
        <test-method signature="Tc_AddToCart_001()[pri:0, instance:TestCases.AddToCartDemoTest@2805d709]" started-at="2024-01-13T12:16:43 IST" name="Tc_AddToCart_001" finished-at="2024-01-13T12:16:43 IST" duration-ms="2" status="PASS">
          <reporter-output>
          </reporter-output>
        </test-method> <!-- Tc_AddToCart_001 -->
        <test-method is-config="true" signature="logoutFromApplication()[pri:0, instance:TestCases.AddToCartDemoTest@2805d709]" started-at="2024-01-13T12:16:43 IST" name="logoutFromApplication" finished-at="2024-01-13T12:16:59 IST" duration-ms="15338" status="PASS">
          <reporter-output>
          </reporter-output>
        </test-method> <!-- logoutFromApplication -->
        <test-method is-config="true" signature="quitBrowser()[pri:0, instance:TestCases.AddToCartDemoTest@2805d709]" started-at="2024-01-13T12:16:59 IST" name="quitBrowser" finished-at="2024-01-13T12:16:59 IST" duration-ms="304" status="PASS">
          <reporter-output>
          </reporter-output>
        </test-method> <!-- quitBrowser -->
      </class> <!-- TestCases.AddToCartDemoTest -->
    </test> <!-- Default test -->
  </suite> <!-- Default suite -->
</testng-results>
